TN:
SF:src\navigation\field-deep-link.ts
FN:5,decodeQueryValue
FN:9,parseQuery
FN:32,parseFieldDeepLink
FNDA:14,decodeQueryValue
FNDA:8,parseQuery
FNDA:8,parseFieldDeepLink
FNF:3
FNH:3
BRDA:1,0,0,1
BRDA:5,1,0,14
BRDA:9,2,0,5
BRDA:11,3,0,8
BRDA:12,4,0,1
BRDA:12,5,0,7
BRDA:14,6,0,0
BRDA:15,7,0,7
BRDA:15,8,0,0
BRDA:16,9,0,6
BRDA:17,10,0,4
BRDA:32,11,0,8
BRDA:35,12,0,1
BRDA:35,13,0,7
BRDA:38,14,0,0
BRDA:38,15,0,7
BRDA:40,16,0,1
BRDA:40,17,0,6
BRDA:43,18,0,0
BRDA:45,19,0,5
BRDA:45,20,0,1
BRDA:46,21,0,5
BRDA:46,22,0,1
BRDA:47,23,0,0
BRDA:49,24,0,1
BRDA:49,25,0,5
BRDA:53,26,0,2
BRDA:53,27,0,4
BRDA:54,28,0,2
BRDA:54,29,0,4
BRDA:55,30,0,2
BRDA:55,31,0,4
BRDA:57,32,0,1
BRF:33
BRH:28
DA:1,1
DA:2,1
DA:3,1
DA:4,1
DA:5,14
DA:6,14
DA:7,14
DA:8,1
DA:9,5
DA:10,5
DA:11,5
DA:12,8
DA:13,7
DA:14,8
DA:15,8
DA:16,8
DA:17,8
DA:18,4
DA:19,5
DA:20,1
DA:21,1
DA:22,1
DA:23,1
DA:24,1
DA:25,1
DA:26,1
DA:27,1
DA:28,1
DA:29,1
DA:30,1
DA:31,1
DA:32,1
DA:33,8
DA:34,8
DA:35,8
DA:36,7
DA:37,7
DA:38,8
DA:39,7
DA:40,8
DA:41,6
DA:42,6
DA:43,8
DA:44,8
DA:45,8
DA:46,8
DA:47,8
DA:48,8
DA:49,8
DA:50,5
DA:51,5
DA:52,5
DA:53,8
DA:54,8
DA:55,8
DA:56,4
DA:57,8
DA:58,1
DA:59,1
DA:60,8
LH:60
LF:60
end_of_record
