TN:
SF:src\create-query-client.ts
FN:8,isDshRequestError
FN:12,shouldRetry
FN:24,createBthwaniQueryClient
FNDA:3,isDshRequestError
FNDA:4,shouldRetry
FNDA:2,createBthwaniQueryClient
FNF:3
FNH:3
BRDA:1,0,0,1
BRDA:8,1,0,3
BRDA:12,2,0,4
BRDA:13,3,0,1
BRDA:13,4,0,3
BRDA:15,5,0,1
BRDA:15,6,0,2
BRDA:16,7,0,2
BRDA:18,8,0,0
BRDA:20,9,0,0
BRDA:24,10,0,2
BRF:11
BRH:9
DA:1,1
DA:2,1
DA:3,1
DA:4,1
DA:5,1
DA:6,1
DA:7,1
DA:8,3
DA:9,3
DA:10,3
DA:11,1
DA:12,4
DA:13,4
DA:14,3
DA:15,3
DA:16,3
DA:17,2
DA:18,2
DA:19,0
DA:20,0
DA:21,0
DA:22,4
DA:23,1
DA:24,1
DA:25,2
DA:26,2
DA:27,2
DA:28,2
DA:29,2
DA:30,2
DA:31,2
DA:32,2
DA:33,2
DA:34,2
DA:35,2
DA:36,2
DA:37,2
DA:38,2
DA:39,2
DA:40,2
DA:41,2
LH:38
LF:41
end_of_record
