TN:
SF:..\..\core\identity\clients\identity-api-config.ts
FN:5,isReactNative
FN:9,isIdentityDeviceLoopbackBridgeEnabled
FN:23,resolveIdentityApiBaseUrl
FNDA:0,isReactNative
FNDA:0,isIdentityDeviceLoopbackBridgeEnabled
FNDA:0,resolveIdentityApiBaseUrl
FNF:3
FNH:0
BRDA:5,0,0,1
BRF:1
BRH:1
DA:1,0
DA:2,0
DA:3,0
DA:4,1
DA:5,0
DA:6,0
DA:7,0
DA:8,1
DA:9,0
DA:10,0
DA:11,0
DA:12,0
DA:13,0
DA:14,0
DA:15,1
DA:16,1
DA:17,1
DA:18,1
DA:19,1
DA:20,1
DA:21,1
DA:22,1
DA:23,1
DA:24,0
DA:25,0
DA:26,0
DA:27,0
DA:28,0
DA:29,0
DA:30,0
DA:31,0
DA:32,0
DA:33,0
DA:34,0
DA:35,0
DA:36,0
DA:37,0
DA:38,0
DA:39,0
DA:40,0
DA:41,0
LH:11
LF:41
end_of_record
SF:..\..\core\identity\clients\identity-client.ts
FN:37,isRelativeBaseUrl
FN:39,resolveRequestUrl
FN:47,createIdentityClient
FNDA:0,isRelativeBaseUrl
FNDA:0,resolveRequestUrl
FNDA:0,createIdentityClient
FNF:3
FNH:0
BRDA:37,0,0,1
BRF:1
BRH:1
DA:1,0
DA:2,1
DA:3,0
DA:4,0
DA:5,0
DA:6,0
DA:7,0
DA:8,0
DA:9,0
DA:10,0
DA:11,0
DA:12,0
DA:13,0
DA:14,0
DA:15,0
DA:16,1
DA:17,0
DA:18,0
DA:19,0
DA:20,1
DA:21,0
DA:22,0
DA:23,0
DA:24,0
DA:25,0
DA:26,0
DA:27,0
DA:28,0
DA:29,0
DA:30,0
DA:31,0
DA:32,0
DA:33,0
DA:34,0
DA:35,0
DA:36,1
DA:37,0
DA:38,0
DA:39,0
DA:40,0
DA:41,0
DA:42,0
DA:43,0
DA:44,0
DA:45,0
DA:46,1
DA:47,1
DA:48,0
DA:49,0
DA:50,0
DA:51,0
DA:52,0
DA:53,0
DA:54,0
DA:55,0
DA:56,0
DA:57,0
DA:58,0
DA:59,0
DA:60,0
DA:61,0
DA:62,0
DA:63,0
DA:64,0
DA:65,0
DA:66,0
DA:67,0
DA:68,0
DA:69,0
DA:70,0
DA:71,0
DA:72,0
DA:73,0
DA:74,0
DA:75,0
DA:76,0
DA:77,0
DA:78,0
DA:79,0
DA:80,0
DA:81,0
DA:82,0
DA:83,0
DA:84,0
DA:85,0
DA:86,0
DA:87,0
DA:88,0
DA:89,0
DA:90,0
DA:91,0
DA:92,0
DA:93,0
DA:94,0
DA:95,0
DA:96,0
DA:97,0
DA:98,0
DA:99,0
DA:100,0
DA:101,0
DA:102,0
DA:103,0
DA:104,0
DA:105,0
DA:106,0
DA:107,0
DA:108,0
DA:109,0
DA:110,0
DA:111,0
DA:112,0
DA:113,0
DA:114,0
DA:115,0
DA:116,0
DA:117,0
DA:118,0
DA:119,0
DA:120,0
DA:121,0
DA:122,0
DA:123,0
DA:124,0
DA:125,0
DA:126,0
DA:127,0
DA:128,0
DA:129,0
DA:130,0
DA:131,0
DA:132,0
DA:133,0
DA:134,0
DA:135,0
DA:136,0
DA:137,0
DA:138,0
DA:139,0
DA:140,0
DA:141,0
DA:142,0
DA:143,0
DA:144,0
DA:145,0
DA:146,0
DA:147,0
DA:148,0
DA:149,0
DA:150,0
DA:151,0
DA:152,0
DA:153,0
DA:154,0
DA:155,0
DA:156,0
DA:157,1
DA:158,1
LH:8
LF:158
end_of_record
SF:..\..\core\identity\clients\identity-session-policy.ts
FN:22,identitySessionAllowedActions
FN:50,identityErrorPresentation
FNDA:0,identitySessionAllowedActions
FNDA:0,identityErrorPresentation
FNF:2
FNH:0
BRDA:22,0,0,1
BRF:1
BRH:1
DA:1,0
DA:2,1
DA:3,0
DA:4,0
DA:5,0
DA:6,0
DA:7,0
DA:8,0
DA:9,0
DA:10,0
DA:11,0
DA:12,0
DA:13,0
DA:14,0
DA:15,1
DA:16,0
DA:17,0
DA:18,0
DA:19,0
DA:20,0
DA:21,1
DA:22,1
DA:23,0
DA:24,0
DA:25,0
DA:26,0
DA:27,0
DA:28,0
DA:29,0
DA:30,0
DA:31,0
DA:32,0
DA:33,0
DA:34,0
DA:35,0
DA:36,0
DA:37,0
DA:38,0
DA:39,0
DA:40,0
DA:41,0
DA:42,0
DA:43,0
DA:44,0
DA:45,0
DA:46,0
DA:47,0
DA:48,0
DA:49,1
DA:50,1
DA:51,0
DA:52,0
DA:53,0
DA:54,0
DA:55,0
DA:56,0
DA:57,0
DA:58,0
DA:59,0
DA:60,0
DA:61,0
DA:62,0
DA:63,0
DA:64,0
DA:65,0
DA:66,0
DA:67,0
DA:68,0
DA:69,0
DA:70,0
DA:71,0
DA:72,0
DA:73,0
DA:74,0
DA:75,0
DA:76,0
DA:77,0
DA:78,0
DA:79,0
DA:80,0
DA:81,0
DA:82,0
DA:83,0
DA:84,0
DA:85,0
DA:86,0
DA:87,0
DA:88,0
DA:89,0
DA:90,0
DA:91,0
DA:92,0
DA:93,0
DA:94,0
DA:95,0
DA:96,0
DA:97,0
DA:98,0
DA:99,0
DA:100,0
DA:101,0
DA:102,0
DA:103,0
DA:104,0
DA:105,0
LH:6
LF:105
end_of_record
SF:..\..\core\identity\clients\identity-session-storage.ts
FN:13,createBrowserSessionStorageAdapter
FN:44,createMemorySessionStorageAdapter
FN:46,getItem
FN:47,setItem
FN:50,removeItem
FN:56,defaultSessionStorageAdapter
FNDA:0,createBrowserSessionStorageAdapter
FNDA:1,createMemorySessionStorageAdapter
FNDA:0,getItem
FNDA:0,setItem
FNDA:0,removeItem
FNDA:1,defaultSessionStorageAdapter
FNF:6
FNH:2
BRDA:7,0,0,1
BRDA:44,1,0,1
BRDA:56,2,0,1
BRDA:58,3,0,0
BRDA:60,4,0,0
BRF:5
BRH:3
DA:1,0
DA:2,0
DA:3,0
DA:4,0
DA:5,0
DA:6,1
DA:7,1
DA:8,1
DA:9,1
DA:10,1
DA:11,1
DA:12,1
DA:13,1
DA:14,0
DA:15,0
DA:16,0
DA:17,0
DA:18,0
DA:19,0
DA:20,0
DA:21,0
DA:22,0
DA:23,0
DA:24,0
DA:25,0
DA:26,0
DA:27,0
DA:28,0
DA:29,0
DA:30,0
DA:31,0
DA:32,0
DA:33,0
DA:34,0
DA:35,0
DA:36,0
DA:37,0
DA:38,0
DA:39,0
DA:40,1
DA:41,1
DA:42,1
DA:43,1
DA:44,1
DA:45,1
DA:46,1
DA:47,1
DA:48,0
DA:49,1
DA:50,1
DA:51,0
DA:52,1
DA:53,1
DA:54,1
DA:55,1
DA:56,1
DA:57,1
DA:58,1
DA:59,1
DA:60,1
DA:61,1
DA:62,1
LH:29
LF:62
end_of_record
SF:..\..\core\identity\clients\identity-session-store.ts
FN:48,deviceFingerprintProvider
FN:55,configureIdentitySessionStorage
FN:60,configureIdentityDeviceFingerprintProvider
FN:67,registerIdentityBeforeSessionEndHook
FN:72,runBeforeSessionEndHooks
FN:80,resolveDeviceFingerprint
FN:88,getIdentityDeviceFingerprint
FN:92,isRecord
FN:96,isNonEmptyString
FN:98,isBooleanRecord
FN:104,isValidPermission
FN:112,isStructurallyValidActorIdentity
FN:144,isFreshActorIdentity
FN:148,parseStoredSession
FN:167,loadStoredSession
FN:177,saveStoredSession
FN:183,emit
FN:187,setState
FN:192,identityErrorCode
FN:203,isIdentityAvailabilityError
FN:217,isIdentityInvalidSessionError
FN:225,clearSession
FN:233,setServiceUnavailable
FN:245,resetBootstrapBackoff
FN:250,commitAuthenticatedSession
FN:265,restoreStoredSession
FN:302,performIdentityBootstrap
FN:367,configureIdentitySession
FN:375,refreshIdentitySession
FN:409,retryIdentityBootstrap
FN:424,getIdentityAccessToken
FN:428,getIdentityState
FN:432,subscribeIdentityState
FN:437,adoptIdentityTokenPair
FN:457,loginIdentity
FN:479,requestOtpIdentity
FN:487,activateIdentity
FN:514,listIdentitySessions
FN:521,revokeIdentitySession
FN:531,logoutIdentity
FN:540,changePasswordIdentity
FN:547,deleteAccountIdentity
FNDA:0,deviceFingerprintProvider
FNDA:0,configureIdentitySessionStorage
FNDA:0,configureIdentityDeviceFingerprintProvider
FNDA:0,registerIdentityBeforeSessionEndHook
FNDA:0,runBeforeSessionEndHooks
FNDA:0,resolveDeviceFingerprint
FNDA:0,getIdentityDeviceFingerprint
FNDA:0,isRecord
FNDA:0,isNonEmptyString
FNDA:0,isBooleanRecord
FNDA:0,isValidPermission
FNDA:0,isStructurallyValidActorIdentity
FNDA:0,isFreshActorIdentity
FNDA:0,parseStoredSession
FNDA:0,loadStoredSession
FNDA:0,saveStoredSession
FNDA:0,emit
FNDA:0,setState
FNDA:0,identityErrorCode
FNDA:0,isIdentityAvailabilityError
FNDA:0,isIdentityInvalidSessionError
FNDA:0,clearSession
FNDA:0,setServiceUnavailable
FNDA:0,resetBootstrapBackoff
FNDA:0,commitAuthenticatedSession
FNDA:0,restoreStoredSession
FNDA:0,performIdentityBootstrap
FNDA:0,configureIdentitySession
FNDA:0,refreshIdentitySession
FNDA:0,retryIdentityBootstrap
FNDA:0,getIdentityAccessToken
FNDA:0,getIdentityState
FNDA:0,subscribeIdentityState
FNDA:0,adoptIdentityTokenPair
FNDA:0,loginIdentity
FNDA:0,requestOtpIdentity
FNDA:0,activateIdentity
FNDA:0,listIdentitySessions
FNDA:0,revokeIdentitySession
FNDA:0,logoutIdentity
FNDA:0,changePasswordIdentity
FNDA:0,deleteAccountIdentity
FNF:42
FNH:0
BRDA:1,0,0,1
BRF:1
BRH:1
DA:1,1
DA:2,1
DA:3,1
DA:4,1
DA:5,1
DA:6,1
DA:7,1
DA:8,1
DA:9,1
DA:10,1
DA:11,1
DA:12,1
DA:13,1
DA:14,1
DA:15,1
DA:16,1
DA:17,1
DA:18,1
DA:19,1
DA:20,1
DA:21,1
DA:22,1
DA:23,1
DA:24,1
DA:25,1
DA:26,1
DA:27,1
DA:28,1
DA:29,1
DA:30,1
DA:31,1
DA:32,1
DA:33,1
DA:34,1
DA:35,1
DA:36,1
DA:37,1
DA:38,1
DA:39,1
DA:40,1
DA:41,1
DA:42,1
DA:43,1
DA:44,1
DA:45,1
DA:46,1
DA:47,1
DA:48,1
DA:49,1
DA:50,1
DA:51,1
DA:52,1
DA:53,1
DA:54,1
DA:55,1
DA:56,0
DA:57,0
DA:58,0
DA:59,1
DA:60,1
DA:61,0
DA:62,0
DA:63,0
DA:64,0
DA:65,0
DA:66,1
DA:67,1
DA:68,0
DA:69,0
DA:70,0
DA:71,0
DA:72,0
DA:73,0
DA:74,0
DA:75,0
DA:76,0
DA:77,0
DA:78,0
DA:79,0
DA:80,0
DA:81,0
DA:82,0
DA:83,0
DA:84,0
DA:85,0
DA:86,0
DA:87,1
DA:88,1
DA:89,0
DA:90,0
DA:91,1
DA:92,0
DA:93,0
DA:94,0
DA:95,1
DA:96,0
DA:97,0
DA:98,0
DA:99,0
DA:100,0
DA:101,0
DA:102,0
DA:103,1
DA:104,0
DA:105,0
DA:106,0
DA:107,0
DA:108,0
DA:109,0
DA:110,0
DA:111,1
DA:112,1
DA:113,0
DA:114,0
DA:115,0
DA:116,0
DA:117,0
DA:118,0
DA:119,0
DA:120,0
DA:121,0
DA:122,0
DA:123,0
DA:124,0
DA:125,0
DA:126,0
DA:127,0
DA:128,0
DA:129,0
DA:130,0
DA:131,0
DA:132,0
DA:133,0
DA:134,0
DA:135,0
DA:136,0
DA:137,0
DA:138,0
DA:139,0
DA:140,0
DA:141,0
DA:142,0
DA:143,1
DA:144,1
DA:145,0
DA:146,0
DA:147,1
DA:148,1
DA:149,0
DA:150,0
DA:151,0
DA:152,0
DA:153,0
DA:154,0
DA:155,0
DA:156,0
DA:157,0
DA:158,0
DA:159,0
DA:160,0
DA:161,0
DA:162,0
DA:163,0
DA:164,0
DA:165,0
DA:166,0
DA:167,0
DA:168,0
DA:169,0
DA:170,0
DA:171,0
DA:172,0
DA:173,0
DA:174,0
DA:175,0
DA:176,1
DA:177,0
DA:178,0
DA:179,0
DA:180,0
DA:181,0
DA:182,0
DA:183,0
DA:184,0
DA:185,0
DA:186,0
DA:187,0
DA:188,0
DA:189,0
DA:190,0
DA:191,0
DA:192,0
DA:193,0
DA:194,0
DA:195,0
DA:196,0
DA:197,0
DA:198,0
DA:199,0
DA:200,0
DA:201,0
DA:202,1
DA:203,0
DA:204,0
DA:205,0
DA:206,0
DA:207,0
DA:208,0
DA:209,0
DA:210,0
DA:211,0
DA:212,0
DA:213,0
DA:214,0
DA:215,0
DA:216,1
DA:217,0
DA:218,0
DA:219,0
DA:220,0
DA:221,0
DA:222,0
DA:223,0
DA:224,0
DA:225,0
DA:226,0
DA:227,0
DA:228,0
DA:229,0
DA:230,0
DA:231,0
DA:232,1
DA:233,0
DA:234,0
DA:235,0
DA:236,0
DA:237,0
DA:238,0
DA:239,0
DA:240,0
DA:241,0
DA:242,0
DA:243,0
DA:244,1
DA:245,0
DA:246,0
DA:247,0
DA:248,0
DA:249,1
DA:250,0
DA:251,0
DA:252,0
DA:253,0
DA:254,0
DA:255,0
DA:256,0
DA:257,0
DA:258,0
DA:259,0
DA:260,0
DA:261,0
DA:262,0
DA:263,0
DA:264,1
DA:265,0
DA:266,0
DA:267,0
DA:268,0
DA:269,0
DA:270,0
DA:271,0
DA:272,0
DA:273,0
DA:274,0
DA:275,0
DA:276,0
DA:277,0
DA:278,0
DA:279,0
DA:280,0
DA:281,0
DA:282,0
DA:283,0
DA:284,0
DA:285,0
DA:286,0
DA:287,0
DA:288,0
DA:289,0
DA:290,0
DA:291,0
DA:292,0
DA:293,0
DA:294,0
DA:295,0
DA:296,0
DA:297,0
DA:298,0
DA:299,0
DA:300,0
DA:301,1
DA:302,0
DA:303,0
DA:304,0
DA:305,0
DA:306,0
DA:307,0
DA:308,0
DA:309,0
DA:310,0
DA:311,0
DA:312,0
DA:313,0
DA:314,0
DA:315,0
DA:316,0
DA:317,0
DA:318,0
DA:319,0
DA:320,0
DA:321,0
DA:322,0
DA:323,0
DA:324,0
DA:325,0
DA:326,0
DA:327,0
DA:328,0
DA:329,0
DA:330,0
DA:331,0
DA:332,0
DA:333,0
DA:334,0
DA:335,0
DA:336,0
DA:337,0
DA:338,0
DA:339,0
DA:340,0
DA:341,0
DA:342,0
DA:343,0
DA:344,0
DA:345,0
DA:346,0
DA:347,0
DA:348,0
DA:349,0
DA:350,0
DA:351,0
DA:352,0
DA:353,0
DA:354,0
DA:355,0
DA:356,0
DA:357,0
DA:358,0
DA:359,0
DA:360,0
DA:361,0
DA:362,0
DA:363,0
DA:364,0
DA:365,0
DA:366,1
DA:367,1
DA:368,0
DA:369,0
DA:370,0
DA:371,0
DA:372,1
DA:373,1
DA:374,1
DA:375,1
DA:376,0
DA:377,0
DA:378,0
DA:379,0
DA:380,0
DA:381,0
DA:382,0
DA:383,0
DA:384,0
DA:385,0
DA:386,0
DA:387,0
DA:388,0
DA:389,0
DA:390,0
DA:391,0
DA:392,0
DA:393,0
DA:394,0
DA:395,0
DA:396,0
DA:397,0
DA:398,0
DA:399,0
DA:400,0
DA:401,0
DA:402,0
DA:403,0
DA:404,0
DA:405,0
DA:406,0
DA:407,0
DA:408,1
DA:409,1
DA:410,0
DA:411,0
DA:412,0
DA:413,0
DA:414,0
DA:415,0
DA:416,0
DA:417,0
DA:418,0
DA:419,0
DA:420,0
DA:421,0
DA:422,0
DA:423,1
DA:424,1
DA:425,0
DA:426,0
DA:427,1
DA:428,1
DA:429,0
DA:430,0
DA:431,1
DA:432,1
DA:433,0
DA:434,0
DA:435,0
DA:436,1
DA:437,1
DA:438,0
DA:439,0
DA:440,0
DA:441,0
DA:442,0
DA:443,0
DA:444,0
DA:445,0
DA:446,0
DA:447,0
DA:448,0
DA:449,0
DA:450,0
DA:451,0
DA:452,0
DA:453,0
DA:454,0
DA:455,0
DA:456,1
DA:457,1
DA:458,0
DA:459,0
DA:460,0
DA:461,0
DA:462,0
DA:463,0
DA:464,0
DA:465,0
DA:466,0
DA:467,0
DA:468,0
DA:469,0
DA:470,0
DA:471,0
DA:472,0
DA:473,0
DA:474,0
DA:475,0
DA:476,0
DA:477,0
DA:478,1
DA:479,1
DA:480,0
DA:481,0
DA:482,0
DA:483,0
DA:484,0
DA:485,0
DA:486,1
DA:487,1
DA:488,0
DA:489,0
DA:490,0
DA:491,0
DA:492,0
DA:493,0
DA:494,0
DA:495,0
DA:496,0
DA:497,0
DA:498,0
DA:499,0
DA:500,0
DA:501,0
DA:502,0
DA:503,0
DA:504,0
DA:505,0
DA:506,0
DA:507,0
DA:508,0
DA:509,0
DA:510,0
DA:511,0
DA:512,0
DA:513,1
DA:514,1
DA:515,0
DA:516,0
DA:517,0
DA:518,0
DA:519,0
DA:520,1
DA:521,1
DA:522,0
DA:523,0
DA:524,0
DA:525,0
DA:526,0
DA:527,0
DA:528,0
DA:529,0
DA:530,1
DA:531,1
DA:532,0
DA:533,0
DA:534,0
DA:535,0
DA:536,0
DA:537,0
DA:538,0
DA:539,1
DA:540,1
DA:541,0
DA:542,0
DA:543,0
DA:544,0
DA:545,0
DA:546,1
DA:547,1
DA:548,0
DA:549,0
DA:550,0
DA:551,0
DA:552,0
DA:553,0
DA:554,0
DA:555,1
DA:556,1
LH:112
LF:556
end_of_record
SF:..\..\core\identity\clients\index.ts
FNF:0
FNH:0
BRDA:1,0,0,1
BRF:1
BRH:1
DA:1,1
DA:2,1
DA:3,1
DA:4,1
DA:5,1
DA:6,1
DA:7,1
DA:8,0
LH:7
LF:8
end_of_record
SF:..\..\core\identity\clients\use-identity-runtime-status.ts
FN:16,clientFailure
FN:32,useIdentityRuntimeStatus
FNDA:0,clientFailure
FNDA:0,useIdentityRuntimeStatus
FNF:2
FNH:0
BRDA:1,0,0,1
BRF:1
BRH:1
DA:1,1
DA:2,1
DA:3,1
DA:4,1
DA:5,1
DA:6,1
DA:7,1
DA:8,1
DA:9,1
DA:10,1
DA:11,1
DA:12,1
DA:13,1
DA:14,1
DA:15,1
DA:16,1
DA:17,0
DA:18,0
DA:19,0
DA:20,0
DA:21,0
DA:22,0
DA:23,0
DA:24,0
DA:25,0
DA:26,0
DA:27,0
DA:28,0
DA:29,0
DA:30,0
DA:31,1
DA:32,1
DA:33,0
DA:34,0
DA:35,0
DA:36,0
DA:37,0
DA:38,0
DA:39,0
DA:40,0
DA:41,0
DA:42,0
DA:43,0
DA:44,0
DA:45,0
DA:46,0
DA:47,0
DA:48,0
DA:49,0
DA:50,0
DA:51,0
DA:52,0
DA:53,0
DA:54,0
DA:55,0
DA:56,0
DA:57,0
DA:58,0
DA:59,0
DA:60,0
DA:61,0
DA:62,0
DA:63,0
DA:64,0
DA:65,0
DA:66,0
DA:67,0
DA:68,0
DA:69,0
DA:70,0
LH:18
LF:70
end_of_record
SF:..\..\core\identity\clients\use-identity-session.ts
FN:30,getIdentityHydrationState
FN:32,configureIdentityActivationActorType
FN:36,useIdentitySession
FNDA:0,getIdentityHydrationState
FNDA:0,configureIdentityActivationActorType
FNDA:0,useIdentitySession
FNF:3
FNH:0
BRDA:1,0,0,1
BRF:1
BRH:1
DA:1,1
DA:2,1
DA:3,1
DA:4,1
DA:5,1
DA:6,1
DA:7,1
DA:8,1
DA:9,1
DA:10,1
DA:11,1
DA:12,1
DA:13,1
DA:14,1
DA:15,1
DA:16,1
DA:17,1
DA:18,1
DA:19,1
DA:20,1
DA:21,1
DA:22,1
DA:23,1
DA:24,1
DA:25,1
DA:26,1
DA:27,1
DA:28,1
DA:29,1
DA:30,1
DA:31,1
DA:32,1
DA:33,0
DA:34,0
DA:35,1
DA:36,1
DA:37,0
DA:38,0
DA:39,0
DA:40,0
DA:41,0
DA:42,0
DA:43,0
DA:44,0
DA:45,0
DA:46,0
DA:47,0
DA:48,0
DA:49,0
DA:50,0
DA:51,0
DA:52,0
DA:53,0
DA:54,0
DA:55,0
DA:56,0
DA:57,0
DA:58,0
DA:59,0
DA:60,0
DA:61,0
DA:62,0
DA:63,0
DA:64,0
DA:65,0
DA:66,0
DA:67,0
DA:68,0
DA:69,0
DA:70,0
DA:71,0
DA:72,0
DA:73,0
DA:74,0
DA:75,0
DA:76,0
DA:77,0
DA:78,0
DA:79,0
DA:80,0
DA:81,0
DA:82,0
DA:83,0
DA:84,0
DA:85,0
DA:86,0
DA:87,0
DA:88,0
DA:89,0
DA:90,0
DA:91,0
DA:92,0
DA:93,0
LH:34
LF:93
end_of_record
SF:frontend\shared\dsh\dsh-link\dsh-api-base-url.ts
FN:9,isReactNative
FN:13,isDshDeviceLoopbackBridgeEnabled
FN:20,resolveDshApiBaseUrl
FN:48,validateDshApiBaseUrl
FNDA:0,isReactNative
FNDA:0,isDshDeviceLoopbackBridgeEnabled
FNDA:5,resolveDshApiBaseUrl
FNDA:0,validateDshApiBaseUrl
FNF:4
FNH:1
BRDA:5,0,0,1
BRDA:20,1,0,5
BRDA:26,2,0,0
BRDA:29,3,0,0
BRF:4
BRH:2
DA:1,0
DA:2,0
DA:3,0
DA:4,1
DA:5,1
DA:6,1
DA:7,1
DA:8,1
DA:9,0
DA:10,0
DA:11,0
DA:12,1
DA:13,1
DA:14,0
DA:15,0
DA:16,0
DA:17,0
DA:18,0
DA:19,1
DA:20,1
DA:21,5
DA:22,5
DA:23,5
DA:24,5
DA:25,5
DA:26,5
DA:27,0
DA:28,0
DA:29,5
DA:30,0
DA:31,0
DA:32,0
DA:33,0
DA:34,0
DA:35,0
DA:36,0
DA:37,0
DA:38,0
DA:39,0
DA:40,0
DA:41,0
DA:42,0
DA:43,0
DA:44,0
DA:45,0
DA:46,5
DA:47,1
DA:48,1
DA:49,0
DA:50,0
DA:51,0
DA:52,0
DA:53,0
DA:54,0
DA:55,0
DA:56,0
DA:57,0
DA:58,0
DA:59,0
DA:60,0
DA:61,0
DA:62,0
DA:63,0
DA:64,0
DA:65,0
DA:66,0
DA:67,0
DA:68,0
DA:69,0
DA:70,0
DA:71,0
DA:72,0
DA:73,0
DA:74,0
DA:75,0
LH:19
LF:75
end_of_record
SF:frontend\shared\dsh\dsh-link\dsh-http-request.ts
FN:28,corrId
FN:33,notifyControlPanelSessionExpired
FN:38,refreshControlPanelCookieSession
FN:54,anonymous_3
FN:55,anonymous_4
FN:65,fetchWithControlPanelSessionRetry
FN:83,parseResponse
FN:87,anonymous_7
FN:101,isRelativeBaseUrl
FN:105,resolveRequestUrl
FN:113,requestCredentials
FN:117,createDshHttpClient
FN:124,request
FN:144,execute
FN:189,createDshSessionHttpClient
FN:229,createDshPublicHttpClient
FN:267,createDshFlexibleHttpClient
FN:336,createDshRawHttpClient
FNDA:24,corrId
FNDA:1,notifyControlPanelSessionExpired
FNDA:1,refreshControlPanelCookieSession
FNDA:1,anonymous_3
FNDA:0,anonymous_4
FNDA:23,fetchWithControlPanelSessionRetry
FNDA:18,parseResponse
FNDA:0,anonymous_7
FNDA:26,isRelativeBaseUrl
FNDA:23,resolveRequestUrl
FNDA:23,requestCredentials
FNDA:3,createDshHttpClient
FNDA:23,request
FNDA:23,execute
FNDA:0,createDshSessionHttpClient
FNDA:0,createDshPublicHttpClient
FNDA:0,createDshFlexibleHttpClient
FNDA:0,createDshRawHttpClient
FNF:18
FNH:12
BRDA:1,0,0,1
BRDA:28,1,0,24
BRDA:30,2,0,0
BRDA:33,3,0,1
BRDA:36,4,0,0
BRDA:38,5,0,1
BRDA:41,6,0,0
BRDA:54,7,0,1
BRDA:65,8,0,23
BRDA:71,9,0,18
BRDA:72,10,0,17
BRDA:72,11,0,1
BRDA:78,12,0,0
BRDA:83,13,0,18
BRDA:86,14,0,2
BRDA:93,15,0,0
BRDA:94,16,0,0
BRDA:98,17,0,16
BRDA:99,18,0,1
BRDA:99,19,0,15
BRDA:101,20,0,26
BRDA:105,21,0,23
BRDA:110,22,0,0
BRDA:113,23,0,23
BRDA:114,24,0,0
BRDA:117,25,0,3
BRDA:124,26,0,23
BRDA:128,27,0,0
BRDA:129,28,0,0
BRDA:129,29,0,0
BRDA:131,30,0,0
BRDA:133,31,0,0
BRDA:143,32,0,5
BRDA:143,33,0,18
BRDA:168,34,0,18
BRDA:169,35,0,5
BRDA:173,36,0,0
BRDA:175,37,0,0
BRDA:180,38,0,0
BRDA:182,39,0,18
BRDA:144,40,0,23
BRDA:146,41,0,14
BRDA:149,42,0,0
BRDA:149,43,0,0
BRDA:152,44,0,3
BRDA:153,45,0,20
BRDA:155,46,0,0
BRDA:158,47,0,5
BRDA:159,48,0,18
BRDA:161,49,0,5
BRDA:161,50,0,18
BRF:51
BRH:32
DA:1,1
DA:2,1
DA:3,1
DA:4,1
DA:5,1
DA:6,1
DA:7,1
DA:8,1
DA:9,1
DA:10,1
DA:11,1
DA:12,1
DA:13,1
DA:14,1
DA:15,1
DA:16,1
DA:17,1
DA:18,1
DA:19,1
DA:20,1
DA:21,1
DA:22,1
DA:23,1
DA:24,1
DA:25,1
DA:26,1
DA:27,1
DA:28,1
DA:29,24
DA:30,24
DA:31,0
DA:32,0
DA:33,24
DA:34,1
DA:35,1
DA:36,1
DA:37,0
DA:38,1
DA:39,1
DA:40,1
DA:41,1
DA:42,1
DA:43,1
DA:44,1
DA:45,1
DA:46,1
DA:47,1
DA:48,1
DA:49,1
DA:50,1
DA:51,1
DA:52,1
DA:53,1
DA:54,1
DA:55,1
DA:56,1
DA:57,1
DA:58,1
DA:59,1
DA:60,1
DA:61,1
DA:62,1
DA:63,1
DA:64,1
DA:65,1
DA:66,23
DA:67,23
DA:68,23
DA:69,23
DA:70,23
DA:71,23
DA:72,23
DA:73,1
DA:74,1
DA:75,1
DA:76,1
DA:77,1
DA:78,1
DA:79,0
DA:80,0
DA:81,0
DA:82,0
DA:83,23
DA:84,18
DA:85,18
DA:86,18
DA:87,2
DA:88,2
DA:89,2
DA:90,2
DA:91,2
DA:92,2
DA:93,2
DA:94,2
DA:95,0
DA:96,0
DA:97,2
DA:98,2
DA:99,18
DA:100,15
DA:101,18
DA:102,26
DA:103,26
DA:104,26
DA:105,26
DA:106,23
DA:107,23
DA:108,23
DA:109,23
DA:110,23
DA:111,23
DA:112,1
DA:113,23
DA:114,23
DA:115,23
DA:116,1
DA:117,1
DA:118,3
DA:119,3
DA:120,3
DA:121,3
DA:122,3
DA:123,3
DA:124,3
DA:125,23
DA:126,23
DA:127,23
DA:128,23
DA:129,23
DA:130,23
DA:131,23
DA:132,0
DA:133,23
DA:134,0
DA:135,0
DA:136,0
DA:137,0
DA:138,0
DA:139,23
DA:140,23
DA:141,23
DA:142,23
DA:143,23
DA:144,23
DA:145,23
DA:146,23
DA:147,23
DA:148,23
DA:149,23
DA:150,23
DA:151,23
DA:152,23
DA:153,23
DA:154,23
DA:155,23
DA:156,23
DA:157,23
DA:158,23
DA:159,23
DA:160,23
DA:161,23
DA:162,23
DA:163,23
DA:164,23
DA:165,23
DA:166,23
DA:167,23
DA:168,23
DA:169,23
DA:170,5
DA:171,5
DA:172,5
DA:173,5
DA:174,5
DA:175,5
DA:176,0
DA:177,0
DA:178,5
DA:179,5
DA:180,5
DA:181,5
DA:182,5
DA:183,18
DA:184,23
DA:185,3
DA:186,3
DA:187,3
DA:188,1
DA:189,1
DA:190,0
DA:191,0
DA:192,0
DA:193,0
DA:194,0
DA:195,0
DA:196,0
DA:197,0
DA:198,0
DA:199,0
DA:200,0
DA:201,0
DA:202,0
DA:203,0
DA:204,0
DA:205,0
DA:206,0
DA:207,0
DA:208,0
DA:209,0
DA:210,0
DA:211,0
DA:212,0
DA:213,0
DA:214,0
DA:215,0
DA:216,0
DA:217,0
DA:218,0
DA:219,0
DA:220,0
DA:221,0
DA:222,0
DA:223,0
DA:224,0
DA:225,0
DA:226,0
DA:227,1
DA:228,1
DA:229,1
DA:230,0
DA:231,0
DA:232,0
DA:233,0
DA:234,0
DA:235,0
DA:236,0
DA:237,0
DA:238,0
DA:239,0
DA:240,0
DA:241,0
DA:242,0
DA:243,0
DA:244,0
DA:245,0
DA:246,0
DA:247,0
DA:248,0
DA:249,0
DA:250,0
DA:251,0
DA:252,1
DA:253,1
DA:254,1
DA:255,1
DA:256,1
DA:257,1
DA:258,1
DA:259,1
DA:260,1
DA:261,1
DA:262,1
DA:263,1
DA:264,1
DA:265,1
DA:266,1
DA:267,1
DA:268,0
DA:269,0
DA:270,0
DA:271,0
DA:272,0
DA:273,0
DA:274,0
DA:275,0
DA:276,0
DA:277,0
DA:278,0
DA:279,0
DA:280,0
DA:281,0
DA:282,0
DA:283,0
DA:284,0
DA:285,0
DA:286,0
DA:287,0
DA:288,0
DA:289,0
DA:290,0
DA:291,0
DA:292,0
DA:293,0
DA:294,0
DA:295,0
DA:296,0
DA:297,0
DA:298,0
DA:299,0
DA:300,0
DA:301,0
DA:302,0
DA:303,0
DA:304,0
DA:305,0
DA:306,0
DA:307,0
DA:308,0
DA:309,0
DA:310,0
DA:311,0
DA:312,0
DA:313,0
DA:314,0
DA:315,0
DA:316,0
DA:317,0
DA:318,0
DA:319,0
DA:320,0
DA:321,0
DA:322,0
DA:323,0
DA:324,0
DA:325,0
DA:326,0
DA:327,0
DA:328,0
DA:329,0
DA:330,0
DA:331,0
DA:332,0
DA:333,0
DA:334,0
DA:335,1
DA:336,1
DA:337,0
DA:338,0
DA:339,0
DA:340,0
DA:341,0
DA:342,0
DA:343,0
DA:344,0
DA:345,0
DA:346,0
DA:347,0
DA:348,0
DA:349,0
DA:350,0
DA:351,0
DA:352,0
DA:353,0
DA:354,0
DA:355,0
DA:356,0
DA:357,0
DA:358,0
DA:359,0
DA:360,0
DA:361,0
DA:362,0
DA:363,0
DA:364,0
DA:365,0
DA:366,0
DA:367,0
DA:368,0
DA:369,0
DA:370,0
DA:371,0
DA:372,0
DA:373,0
LH:193
LF:373
end_of_record
SF:frontend\shared\dsh\finance\finance-hub-runtime.api.ts
FN:5,isRecord
FN:55,arrayField
FN:61,objectField
FN:67,classifyFinanceRuntimeError
FN:78,tryGet
FN:90,loadDshFinanceRuntimeReadModel
FN:97,anonymous_6
FN:98,anonymous_7
FN:99,anonymous_8
FN:100,anonymous_9
FN:101,anonymous_10
FN:115,anonymous_11
FN:135,transitionPayoutRequest
FN:152,approvePayoutRequest
FN:156,rejectPayoutRequest
FN:160,completePayoutRequest
FN:164,upsertSettlementPolicy
FN:191,createSettlementFromDeliveredOrders
FN:226,loadOpenReconciliationCases
FN:230,assignReconciliationCase
FN:240,resolveReconciliationCase
FNDA:6,isRecord
FNDA:3,arrayField
FNDA:1,objectField
FNDA:5,classifyFinanceRuntimeError
FNDA:10,tryGet
FNDA:2,loadDshFinanceRuntimeReadModel
FNDA:1,anonymous_6
FNDA:1,anonymous_7
FNDA:1,anonymous_8
FNDA:1,anonymous_9
FNDA:1,anonymous_10
FNDA:5,anonymous_11
FNDA:4,transitionPayoutRequest
FNDA:1,approvePayoutRequest
FNDA:1,rejectPayoutRequest
FNDA:1,completePayoutRequest
FNDA:1,upsertSettlementPolicy
FNDA:1,createSettlementFromDeliveredOrders
FNDA:0,loadOpenReconciliationCases
FNDA:0,assignReconciliationCase
FNDA:0,resolveReconciliationCase
FNF:21
FNH:18
BRDA:1,0,0,1
BRDA:5,1,0,6
BRDA:55,2,0,3
BRDA:58,3,0,0
BRDA:60,4,0,0
BRDA:61,5,0,1
BRDA:64,6,0,0
BRDA:66,7,0,0
BRDA:67,8,0,5
BRDA:70,9,0,0
BRDA:75,10,0,0
BRDA:78,11,0,10
BRDA:82,12,0,5
BRDA:90,13,0,2
BRDA:92,14,0,0
BRDA:105,15,0,1
BRDA:106,16,0,1
BRDA:107,17,0,1
BRDA:108,18,0,1
BRDA:109,19,0,1
BRDA:111,20,0,1
BRDA:111,21,0,1
BRDA:111,22,0,1
BRDA:111,23,0,1
BRDA:111,24,0,1
BRDA:115,25,0,0
BRDA:117,26,0,1
BRDA:97,27,0,1
BRDA:97,28,0,0
BRDA:98,29,0,1
BRDA:99,30,0,1
BRDA:100,31,0,1
BRDA:101,32,0,1
BRDA:115,33,0,5
BRDA:135,34,0,4
BRDA:142,35,0,0
BRDA:152,36,0,1
BRDA:156,37,0,1
BRDA:160,38,0,1
BRDA:164,39,0,1
BRDA:181,40,0,0
BRDA:191,41,0,1
BRDA:202,42,0,0
BRF:43
BRH:31
DA:1,1
DA:2,1
DA:3,1
DA:4,1
DA:5,1
DA:6,6
DA:7,6
DA:8,6
DA:9,6
DA:10,6
DA:11,6
DA:12,6
DA:13,6
DA:14,6
DA:15,6
DA:16,6
DA:17,6
DA:18,6
DA:19,6
DA:20,6
DA:21,6
DA:22,6
DA:23,6
DA:24,6
DA:25,6
DA:26,6
DA:27,6
DA:28,6
DA:29,6
DA:30,6
DA:31,6
DA:32,6
DA:33,6
DA:34,6
DA:35,6
DA:36,6
DA:37,6
DA:38,6
DA:39,6
DA:40,6
DA:41,6
DA:42,6
DA:43,6
DA:44,6
DA:45,6
DA:46,6
DA:47,6
DA:48,6
DA:49,6
DA:50,6
DA:51,6
DA:52,6
DA:53,6
DA:54,6
DA:55,6
DA:56,3
DA:57,3
DA:58,3
DA:59,3
DA:60,3
DA:61,3
DA:62,1
DA:63,1
DA:64,1
DA:65,1
DA:66,1
DA:67,1
DA:68,5
DA:69,5
DA:70,5
DA:71,0
DA:72,0
DA:73,0
DA:74,0
DA:75,5
DA:76,0
DA:77,5
DA:78,5
DA:79,10
DA:80,10
DA:81,10
DA:82,10
DA:83,5
DA:84,5
DA:85,5
DA:86,5
DA:87,5
DA:88,10
DA:89,1
DA:90,1
DA:91,2
DA:92,2
DA:93,0
DA:94,0
DA:95,2
DA:96,2
DA:97,2
DA:98,2
DA:99,2
DA:100,2
DA:101,2
DA:102,2
DA:103,2
DA:104,2
DA:105,2
DA:106,2
DA:107,2
DA:108,2
DA:109,2
DA:110,2
DA:111,2
DA:112,1
DA:113,1
DA:114,1
DA:115,1
DA:116,1
DA:117,1
DA:118,1
DA:119,1
DA:120,1
DA:121,1
DA:122,1
DA:123,1
DA:124,1
DA:125,1
DA:126,1
DA:127,1
DA:128,1
DA:129,1
DA:130,1
DA:131,2
DA:132,1
DA:133,1
DA:134,1
DA:135,1
DA:136,4
DA:137,4
DA:138,4
DA:139,4
DA:140,4
DA:141,4
DA:142,4
DA:143,0
DA:144,0
DA:145,0
DA:146,0
DA:147,0
DA:148,0
DA:149,0
DA:150,4
DA:151,1
DA:152,1
DA:153,1
DA:154,1
DA:155,1
DA:156,1
DA:157,1
DA:158,1
DA:159,1
DA:160,1
DA:161,1
DA:162,1
DA:163,1
DA:164,1
DA:165,1
DA:166,1
DA:167,1
DA:168,1
DA:169,1
DA:170,1
DA:171,1
DA:172,1
DA:173,1
DA:174,1
DA:175,1
DA:176,1
DA:177,1
DA:178,1
DA:179,1
DA:180,1
DA:181,1
DA:182,0
DA:183,0
DA:184,0
DA:185,0
DA:186,0
DA:187,0
DA:188,0
DA:189,1
DA:190,1
DA:191,1
DA:192,1
DA:193,1
DA:194,1
DA:195,1
DA:196,1
DA:197,1
DA:198,1
DA:199,1
DA:200,1
DA:201,1
DA:202,1
DA:203,0
DA:204,0
DA:205,0
DA:206,0
DA:207,0
DA:208,0
DA:209,0
DA:210,1
DA:211,1
DA:212,1
DA:213,1
DA:214,1
DA:215,1
DA:216,1
DA:217,1
DA:218,1
DA:219,1
DA:220,1
DA:221,1
DA:222,1
DA:223,1
DA:224,1
DA:225,1
DA:226,1
DA:227,0
DA:228,0
DA:229,1
DA:230,1
DA:231,0
DA:232,0
DA:233,0
DA:234,0
DA:235,0
DA:236,0
DA:237,0
DA:238,0
DA:239,1
DA:240,1
DA:241,0
DA:242,0
DA:243,0
DA:244,0
DA:245,0
DA:246,0
DA:247,0
DA:248,0
DA:249,0
DA:250,0
DA:251,0
DA:252,0
DA:253,0
DA:254,0
DA:255,0
LH:202
LF:255
end_of_record
SF:frontend\shared\dsh\payouts\payout-operator.api.ts
FN:20,classify
FN:40,fetchPayoutAudit
FNDA:0,classify
FNDA:1,fetchPayoutAudit
FNF:2
FNH:1
BRDA:1,0,0,1
BRDA:40,1,0,1
BRDA:43,2,0,0
BRF:3
BRH:2
DA:1,1
DA:2,1
DA:3,1
DA:4,1
DA:5,1
DA:6,1
DA:7,1
DA:8,1
DA:9,1
DA:10,1
DA:11,1
DA:12,1
DA:13,1
DA:14,1
DA:15,1
DA:16,1
DA:17,1
DA:18,1
DA:19,1
DA:20,0
DA:21,0
DA:22,0
DA:23,0
DA:24,0
DA:25,0
DA:26,1
DA:27,1
DA:28,1
DA:29,1
DA:30,1
DA:31,1
DA:32,1
DA:33,1
DA:34,1
DA:35,1
DA:36,1
DA:37,1
DA:38,1
DA:39,1
DA:40,1
DA:41,1
DA:42,1
DA:43,1
DA:44,1
DA:45,1
LH:39
LF:45
end_of_record
SF:frontend\shared\dsh\payouts\payout.api.ts
FN:70,errorStatus
FN:76,isVerifiedPayoutDestination
FN:86,fetchOwnPayoutDestination
FN:98,saveOwnPayoutDestination
FN:113,deactivateOwnPayoutDestination
FN:121,fetchOwnPayoutRequests
FN:128,createOwnPayoutRequest
FNDA:1,errorStatus
FNDA:2,isVerifiedPayoutDestination
FNDA:2,fetchOwnPayoutDestination
FNDA:1,saveOwnPayoutDestination
FNDA:1,deactivateOwnPayoutDestination
FNDA:1,fetchOwnPayoutRequests
FNDA:1,createOwnPayoutRequest
FNF:7
FNH:7
BRDA:1,0,0,1
BRDA:70,1,0,1
BRDA:76,2,0,2
BRDA:80,3,0,1
BRDA:81,4,0,1
BRDA:86,5,0,2
BRDA:90,6,0,1
BRDA:93,7,0,0
BRDA:98,8,0,1
BRDA:113,9,0,1
BRDA:121,10,0,1
BRDA:125,11,0,0
BRDA:128,12,0,1
BRF:13
BRH:11
DA:1,1
DA:2,1
DA:3,1
DA:4,1
DA:5,1
DA:6,1
DA:7,1
DA:8,1
DA:9,1
DA:10,1
DA:11,1
DA:12,1
DA:13,1
DA:14,1
DA:15,1
DA:16,1
DA:17,1
DA:18,1
DA:19,1
DA:20,1
DA:21,1
DA:22,1
DA:23,1
DA:24,1
DA:25,1
DA:26,1
DA:27,1
DA:28,1
DA:29,1
DA:30,1
DA:31,1
DA:32,1
DA:33,1
DA:34,1
DA:35,1
DA:36,1
DA:37,1
DA:38,1
DA:39,1
DA:40,1
DA:41,1
DA:42,1
DA:43,1
DA:44,1
DA:45,1
DA:46,1
DA:47,1
DA:48,1
DA:49,1
DA:50,1
DA:51,1
DA:52,1
DA:53,1
DA:54,1
DA:55,1
DA:56,1
DA:57,1
DA:58,1
DA:59,1
DA:60,1
DA:61,1
DA:62,1
DA:63,1
DA:64,1
DA:65,1
DA:66,1
DA:67,1
DA:68,1
DA:69,1
DA:70,1
DA:71,1
DA:72,1
DA:73,1
DA:74,1
DA:75,1
DA:76,1
DA:77,2
DA:78,2
DA:79,2
DA:80,2
DA:81,2
DA:82,2
DA:83,2
DA:84,2
DA:85,1
DA:86,1
DA:87,2
DA:88,2
DA:89,2
DA:90,2
DA:91,1
DA:92,1
DA:93,1
DA:94,0
DA:95,0
DA:96,2
DA:97,1
DA:98,1
DA:99,1
DA:100,1
DA:101,1
DA:102,1
DA:103,1
DA:104,1
DA:105,1
DA:106,1
DA:107,1
DA:108,1
DA:109,1
DA:110,1
DA:111,1
DA:112,1
DA:113,1
DA:114,1
DA:115,1
DA:116,1
DA:117,1
DA:118,1
DA:119,1
DA:120,1
DA:121,1
DA:122,1
DA:123,1
DA:124,1
DA:125,1
DA:126,1
DA:127,1
DA:128,1
DA:129,1
DA:130,1
DA:131,1
DA:132,1
DA:133,1
DA:134,1
DA:135,1
DA:136,1
DA:137,1
DA:138,1
DA:139,1
DA:140,1
DA:141,1
DA:142,1
DA:143,1
DA:144,1
LH:142
LF:144
end_of_record
SF:tests\ts-loader.mjs
FN:8,resolve
FN:21,load
FNDA:114,resolve
FNDA:95,load
FNF:2
FNH:2
BRDA:1,0,0,7
BRDA:8,1,0,114
BRDA:9,2,0,28
BRDA:9,3,0,28
BRDA:12,4,0,55
BRDA:13,5,0,21
BRDA:13,6,0,21
BRDA:16,7,0,1
BRDA:17,8,0,13
BRDA:21,9,0,95
BRDA:22,10,0,64
BRDA:22,11,0,14
BRDA:22,12,0,17
BRDA:24,13,0,4
BRDA:24,14,0,13
BRF:15
BRH:15
DA:1,7
DA:2,7
DA:3,7
DA:4,7
DA:5,7
DA:6,7
DA:7,7
DA:8,7
DA:9,114
DA:10,28
DA:11,28
DA:12,28
DA:13,55
DA:14,21
DA:15,21
DA:16,55
DA:17,1
DA:18,13
DA:19,114
DA:20,7
DA:21,7
DA:22,95
DA:23,17
DA:24,14
DA:25,13
DA:26,13
DA:27,13
DA:28,13
DA:29,13
DA:30,13
DA:31,13
DA:32,13
DA:33,13
DA:34,13
DA:35,13
DA:36,13
DA:37,13
DA:38,95
LH:38
LF:38
end_of_record
